Building DAG of jobs...
Using shell: /usr/bin/bash
Provided cores: 36
Rules claiming more threads will be scaled down.
Job stats:
job              count    min threads    max threads
-------------  -------  -------------  -------------
all                  1              1              1
merge_t_tests        1              1              1
run_t_test          45              1              1
total               47              1              1

Select jobs to execute...

[Thu Aug 15 16:34:57 2024]
rule run_t_test:
    output: data/sim_results/t_test_results_6_20_10.csv
    jobid: 12
    reason: Missing output files: data/sim_results/t_test_results_6_20_10.csv
    wildcards: group_size=6, mean_diff=20, st_dev=10
    resources: tmpdir=/tmp


[Thu Aug 15 16:34:57 2024]
rule run_t_test:
    output: data/sim_results/t_test_results_7_70_10.csv
    jobid: 26
    reason: Missing output files: data/sim_results/t_test_results_7_70_10.csv
    wildcards: group_size=7, mean_diff=70, st_dev=10
    resources: tmpdir=/tmp


[Thu Aug 15 16:34:57 2024]
rule run_t_test:
    output: data/sim_results/t_test_results_9_30_10.csv
    jobid: 40
    reason: Missing output files: data/sim_results/t_test_results_9_30_10.csv
    wildcards: group_size=9, mean_diff=30, st_dev=10
    resources: tmpdir=/tmp


[Thu Aug 15 16:34:57 2024]
rule run_t_test:
    output: data/sim_results/t_test_results_5_50_10.csv
    jobid: 6
    reason: Missing output files: data/sim_results/t_test_results_5_50_10.csv
    wildcards: group_size=5, mean_diff=50, st_dev=10
    resources: tmpdir=/tmp


[Thu Aug 15 16:34:57 2024]
rule run_t_test:
    output: data/sim_results/t_test_results_7_10_10.csv
    jobid: 20
    reason: Missing output files: data/sim_results/t_test_results_7_10_10.csv
    wildcards: group_size=7, mean_diff=10, st_dev=10
    resources: tmpdir=/tmp


[Thu Aug 15 16:34:57 2024]
rule run_t_test:
    output: data/sim_results/t_test_results_8_60_10.csv
    jobid: 34
    reason: Missing output files: data/sim_results/t_test_results_8_60_10.csv
    wildcards: group_size=8, mean_diff=60, st_dev=10
    resources: tmpdir=/tmp


[Thu Aug 15 16:34:57 2024]
rule run_t_test:
    output: data/sim_results/t_test_results_6_30_10.csv
    jobid: 13
    reason: Missing output files: data/sim_results/t_test_results_6_30_10.csv
    wildcards: group_size=6, mean_diff=30, st_dev=10
    resources: tmpdir=/tmp


[Thu Aug 15 16:34:57 2024]
rule run_t_test:
    output: data/sim_results/t_test_results_7_80_10.csv
    jobid: 27
    reason: Missing output files: data/sim_results/t_test_results_7_80_10.csv
    wildcards: group_size=7, mean_diff=80, st_dev=10
    resources: tmpdir=/tmp


[Thu Aug 15 16:34:57 2024]
rule run_t_test:
    output: data/sim_results/t_test_results_9_40_10.csv
    jobid: 41
    reason: Missing output files: data/sim_results/t_test_results_9_40_10.csv
    wildcards: group_size=9, mean_diff=40, st_dev=10
    resources: tmpdir=/tmp


[Thu Aug 15 16:34:57 2024]
rule run_t_test:
    output: data/sim_results/t_test_results_7_20_10.csv
    jobid: 21
    reason: Missing output files: data/sim_results/t_test_results_7_20_10.csv
    wildcards: group_size=7, mean_diff=20, st_dev=10
    resources: tmpdir=/tmp


[Thu Aug 15 16:34:57 2024]
rule run_t_test:
    output: data/sim_results/t_test_results_8_70_10.csv
    jobid: 35
    reason: Missing output files: data/sim_results/t_test_results_8_70_10.csv
    wildcards: group_size=8, mean_diff=70, st_dev=10
    resources: tmpdir=/tmp


[Thu Aug 15 16:34:58 2024]
rule run_t_test:
    output: data/sim_results/t_test_results_5_60_10.csv
    jobid: 7
    reason: Missing output files: data/sim_results/t_test_results_5_60_10.csv
    wildcards: group_size=5, mean_diff=60, st_dev=10
    resources: tmpdir=/tmp


[Thu Aug 15 16:34:58 2024]
rule run_t_test:
    output: data/sim_results/t_test_results_6_40_10.csv
    jobid: 14
    reason: Missing output files: data/sim_results/t_test_results_6_40_10.csv
    wildcards: group_size=6, mean_diff=40, st_dev=10
    resources: tmpdir=/tmp


[Thu Aug 15 16:34:58 2024]
rule run_t_test:
    output: data/sim_results/t_test_results_7_90_10.csv
    jobid: 28
    reason: Missing output files: data/sim_results/t_test_results_7_90_10.csv
    wildcards: group_size=7, mean_diff=90, st_dev=10
    resources: tmpdir=/tmp


[Thu Aug 15 16:34:58 2024]
rule run_t_test:
    output: data/sim_results/t_test_results_9_50_10.csv
    jobid: 42
    reason: Missing output files: data/sim_results/t_test_results_9_50_10.csv
    wildcards: group_size=9, mean_diff=50, st_dev=10
    resources: tmpdir=/tmp


[Thu Aug 15 16:34:58 2024]
rule run_t_test:
    output: data/sim_results/t_test_results_5_70_10.csv
    jobid: 8
    reason: Missing output files: data/sim_results/t_test_results_5_70_10.csv
    wildcards: group_size=5, mean_diff=70, st_dev=10
    resources: tmpdir=/tmp


[Thu Aug 15 16:34:58 2024]
rule run_t_test:
    output: data/sim_results/t_test_results_7_30_10.csv
    jobid: 22
    reason: Missing output files: data/sim_results/t_test_results_7_30_10.csv
    wildcards: group_size=7, mean_diff=30, st_dev=10
    resources: tmpdir=/tmp


[Thu Aug 15 16:34:58 2024]
rule run_t_test:
    output: data/sim_results/t_test_results_8_80_10.csv
    jobid: 36
    reason: Missing output files: data/sim_results/t_test_results_8_80_10.csv
    wildcards: group_size=8, mean_diff=80, st_dev=10
    resources: tmpdir=/tmp


[Thu Aug 15 16:34:59 2024]
rule run_t_test:
    output: data/sim_results/t_test_results_6_50_10.csv
    jobid: 15
    reason: Missing output files: data/sim_results/t_test_results_6_50_10.csv
    wildcards: group_size=6, mean_diff=50, st_dev=10
    resources: tmpdir=/tmp


[Thu Aug 15 16:34:59 2024]
rule run_t_test:
    output: data/sim_results/t_test_results_8_10_10.csv
    jobid: 29
    reason: Missing output files: data/sim_results/t_test_results_8_10_10.csv
    wildcards: group_size=8, mean_diff=10, st_dev=10
    resources: tmpdir=/tmp


[Thu Aug 15 16:34:59 2024]
rule run_t_test:
    output: data/sim_results/t_test_results_9_60_10.csv
    jobid: 43
    reason: Missing output files: data/sim_results/t_test_results_9_60_10.csv
    wildcards: group_size=9, mean_diff=60, st_dev=10
    resources: tmpdir=/tmp


[Thu Aug 15 16:34:59 2024]
rule run_t_test:
    output: data/sim_results/t_test_results_5_80_10.csv
    jobid: 9
    reason: Missing output files: data/sim_results/t_test_results_5_80_10.csv
    wildcards: group_size=5, mean_diff=80, st_dev=10
    resources: tmpdir=/tmp


[Thu Aug 15 16:34:59 2024]
rule run_t_test:
    output: data/sim_results/t_test_results_7_40_10.csv
    jobid: 23
    reason: Missing output files: data/sim_results/t_test_results_7_40_10.csv
    wildcards: group_size=7, mean_diff=40, st_dev=10
    resources: tmpdir=/tmp


[Thu Aug 15 16:34:59 2024]
rule run_t_test:
    output: data/sim_results/t_test_results_8_90_10.csv
    jobid: 37
    reason: Missing output files: data/sim_results/t_test_results_8_90_10.csv
    wildcards: group_size=8, mean_diff=90, st_dev=10
    resources: tmpdir=/tmp


[Thu Aug 15 16:34:59 2024]
rule run_t_test:
    output: data/sim_results/t_test_results_6_90_10.csv
    jobid: 19
    reason: Missing output files: data/sim_results/t_test_results_6_90_10.csv
    wildcards: group_size=6, mean_diff=90, st_dev=10
    resources: tmpdir=/tmp


[Thu Aug 15 16:34:59 2024]
rule run_t_test:
    output: data/sim_results/t_test_results_5_10_10.csv
    jobid: 2
    reason: Missing output files: data/sim_results/t_test_results_5_10_10.csv
    wildcards: group_size=5, mean_diff=10, st_dev=10
    resources: tmpdir=/tmp


[Thu Aug 15 16:34:59 2024]
rule run_t_test:
    output: data/sim_results/t_test_results_6_60_10.csv
    jobid: 16
    reason: Missing output files: data/sim_results/t_test_results_6_60_10.csv
    wildcards: group_size=6, mean_diff=60, st_dev=10
    resources: tmpdir=/tmp


[Thu Aug 15 16:34:59 2024]
rule run_t_test:
    output: data/sim_results/t_test_results_8_20_10.csv
    jobid: 30
    reason: Missing output files: data/sim_results/t_test_results_8_20_10.csv
    wildcards: group_size=8, mean_diff=20, st_dev=10
    resources: tmpdir=/tmp


[Thu Aug 15 16:34:59 2024]
rule run_t_test:
    output: data/sim_results/t_test_results_9_70_10.csv
    jobid: 44
    reason: Missing output files: data/sim_results/t_test_results_9_70_10.csv
    wildcards: group_size=9, mean_diff=70, st_dev=10
    resources: tmpdir=/tmp


[Thu Aug 15 16:34:59 2024]
rule run_t_test:
    output: data/sim_results/t_test_results_5_90_10.csv
    jobid: 10
    reason: Missing output files: data/sim_results/t_test_results_5_90_10.csv
    wildcards: group_size=5, mean_diff=90, st_dev=10
    resources: tmpdir=/tmp


[Thu Aug 15 16:34:59 2024]
rule run_t_test:
    output: data/sim_results/t_test_results_7_50_10.csv
    jobid: 24
    reason: Missing output files: data/sim_results/t_test_results_7_50_10.csv
    wildcards: group_size=7, mean_diff=50, st_dev=10
    resources: tmpdir=/tmp


[Thu Aug 15 16:34:59 2024]
rule run_t_test:
    output: data/sim_results/t_test_results_9_10_10.csv
    jobid: 38
    reason: Missing output files: data/sim_results/t_test_results_9_10_10.csv
    wildcards: group_size=9, mean_diff=10, st_dev=10
    resources: tmpdir=/tmp


[Thu Aug 15 16:34:59 2024]
rule run_t_test:
    output: data/sim_results/t_test_results_6_70_10.csv
    jobid: 17
    reason: Missing output files: data/sim_results/t_test_results_6_70_10.csv
    wildcards: group_size=6, mean_diff=70, st_dev=10
    resources: tmpdir=/tmp


[Thu Aug 15 16:34:59 2024]
rule run_t_test:
    output: data/sim_results/t_test_results_5_30_10.csv
    jobid: 4
    reason: Missing output files: data/sim_results/t_test_results_5_30_10.csv
    wildcards: group_size=5, mean_diff=30, st_dev=10
    resources: tmpdir=/tmp


[Thu Aug 15 16:34:59 2024]
rule run_t_test:
    output: data/sim_results/t_test_results_8_30_10.csv
    jobid: 31
    reason: Missing output files: data/sim_results/t_test_results_8_30_10.csv
    wildcards: group_size=8, mean_diff=30, st_dev=10
    resources: tmpdir=/tmp


[Thu Aug 15 16:34:59 2024]
rule run_t_test:
    output: data/sim_results/t_test_results_8_50_10.csv
    jobid: 33
    reason: Missing output files: data/sim_results/t_test_results_8_50_10.csv
    wildcards: group_size=8, mean_diff=50, st_dev=10
    resources: tmpdir=/tmp

[Thu Aug 15 16:34:59 2024]
Finished job 12.
1 of 47 steps (2%) done
[Thu Aug 15 16:34:59 2024]
Finished job 40.
2 of 47 steps (4%) done
[Thu Aug 15 16:34:59 2024]
Finished job 26.
3 of 47 steps (6%) done
[Thu Aug 15 16:34:59 2024]
Finished job 6.
4 of 47 steps (9%) done
[Thu Aug 15 16:34:59 2024]
Finished job 20.
5 of 47 steps (11%) done
[Thu Aug 15 16:34:59 2024]
Finished job 34.
6 of 47 steps (13%) done
[Thu Aug 15 16:34:59 2024]
Finished job 13.
7 of 47 steps (15%) done
[Thu Aug 15 16:34:59 2024]
Finished job 27.
8 of 47 steps (17%) done
[Thu Aug 15 16:35:00 2024]
Finished job 21.
9 of 47 steps (19%) done
[Thu Aug 15 16:35:00 2024]
Finished job 41.
10 of 47 steps (21%) done
[Thu Aug 15 16:35:00 2024]
Finished job 35.
11 of 47 steps (23%) done
[Thu Aug 15 16:35:00 2024]
Finished job 7.
12 of 47 steps (26%) done
[Thu Aug 15 16:35:00 2024]
Finished job 14.
13 of 47 steps (28%) done
[Thu Aug 15 16:35:00 2024]
Finished job 28.
14 of 47 steps (30%) done
[Thu Aug 15 16:35:00 2024]
Finished job 42.
15 of 47 steps (32%) done
[Thu Aug 15 16:35:00 2024]
Finished job 8.
16 of 47 steps (34%) done
[Thu Aug 15 16:35:00 2024]
Finished job 22.
17 of 47 steps (36%) done
Select jobs to execute...

[Thu Aug 15 16:35:00 2024]
rule run_t_test:
    output: data/sim_results/t_test_results_7_60_10.csv
    jobid: 25
    reason: Missing output files: data/sim_results/t_test_results_7_60_10.csv
    wildcards: group_size=7, mean_diff=60, st_dev=10
    resources: tmpdir=/tmp


[Thu Aug 15 16:35:00 2024]
rule run_t_test:
    output: data/sim_results/t_test_results_6_10_10.csv
    jobid: 11
    reason: Missing output files: data/sim_results/t_test_results_6_10_10.csv
    wildcards: group_size=6, mean_diff=10, st_dev=10
    resources: tmpdir=/tmp


[Thu Aug 15 16:35:00 2024]
rule run_t_test:
    output: data/sim_results/t_test_results_9_20_10.csv
    jobid: 39
    reason: Missing output files: data/sim_results/t_test_results_9_20_10.csv
    wildcards: group_size=9, mean_diff=20, st_dev=10
    resources: tmpdir=/tmp


[Thu Aug 15 16:35:00 2024]
rule run_t_test:
    output: data/sim_results/t_test_results_5_20_10.csv
    jobid: 3
    reason: Missing output files: data/sim_results/t_test_results_5_20_10.csv
    wildcards: group_size=5, mean_diff=20, st_dev=10
    resources: tmpdir=/tmp


[Thu Aug 15 16:35:00 2024]
rule run_t_test:
    output: data/sim_results/t_test_results_6_80_10.csv
    jobid: 18
    reason: Missing output files: data/sim_results/t_test_results_6_80_10.csv
    wildcards: group_size=6, mean_diff=80, st_dev=10
    resources: tmpdir=/tmp


[Thu Aug 15 16:35:00 2024]
rule run_t_test:
    output: data/sim_results/t_test_results_8_40_10.csv
    jobid: 32
    reason: Missing output files: data/sim_results/t_test_results_8_40_10.csv
    wildcards: group_size=8, mean_diff=40, st_dev=10
    resources: tmpdir=/tmp


[Thu Aug 15 16:35:00 2024]
rule run_t_test:
    output: data/sim_results/t_test_results_9_90_10.csv
    jobid: 46
    reason: Missing output files: data/sim_results/t_test_results_9_90_10.csv
    wildcards: group_size=9, mean_diff=90, st_dev=10
    resources: tmpdir=/tmp


[Thu Aug 15 16:35:00 2024]
rule run_t_test:
    output: data/sim_results/t_test_results_9_80_10.csv
    jobid: 45
    reason: Missing output files: data/sim_results/t_test_results_9_80_10.csv
    wildcards: group_size=9, mean_diff=80, st_dev=10
    resources: tmpdir=/tmp


[Thu Aug 15 16:35:00 2024]
rule run_t_test:
    output: data/sim_results/t_test_results_5_40_10.csv
    jobid: 5
    reason: Missing output files: data/sim_results/t_test_results_5_40_10.csv
    wildcards: group_size=5, mean_diff=40, st_dev=10
    resources: tmpdir=/tmp

[Thu Aug 15 16:35:01 2024]
Finished job 36.
18 of 47 steps (38%) done
[Thu Aug 15 16:35:01 2024]
Finished job 15.
19 of 47 steps (40%) done
[Thu Aug 15 16:35:01 2024]
Finished job 9.
20 of 47 steps (43%) done
[Thu Aug 15 16:35:01 2024]
Finished job 29.
21 of 47 steps (45%) done
[Thu Aug 15 16:35:01 2024]
Finished job 19.
22 of 47 steps (47%) done
[Thu Aug 15 16:35:02 2024]
Finished job 23.
23 of 47 steps (49%) done
[Thu Aug 15 16:35:02 2024]
Finished job 2.
24 of 47 steps (51%) done
[Thu Aug 15 16:35:02 2024]
Finished job 37.
25 of 47 steps (53%) done
[Thu Aug 15 16:35:02 2024]
Finished job 43.
26 of 47 steps (55%) done
[Thu Aug 15 16:35:02 2024]
Finished job 44.
27 of 47 steps (57%) done
[Thu Aug 15 16:35:02 2024]
Finished job 30.
28 of 47 steps (60%) done
[Thu Aug 15 16:35:02 2024]
Finished job 10.
29 of 47 steps (62%) done
[Thu Aug 15 16:35:02 2024]
Finished job 17.
30 of 47 steps (64%) done
[Thu Aug 15 16:35:02 2024]
Finished job 4.
31 of 47 steps (66%) done
[Thu Aug 15 16:35:02 2024]
Finished job 31.
32 of 47 steps (68%) done
[Thu Aug 15 16:35:02 2024]
Finished job 24.
33 of 47 steps (70%) done
[Thu Aug 15 16:35:02 2024]
Finished job 33.
34 of 47 steps (72%) done
[Thu Aug 15 16:35:02 2024]
Finished job 38.
35 of 47 steps (74%) done
[Thu Aug 15 16:35:02 2024]
Finished job 16.
36 of 47 steps (77%) done
[Thu Aug 15 16:35:02 2024]
Finished job 25.
37 of 47 steps (79%) done
[Thu Aug 15 16:35:02 2024]
Finished job 18.
38 of 47 steps (81%) done
[Thu Aug 15 16:35:02 2024]
Finished job 45.
39 of 47 steps (83%) done
[Thu Aug 15 16:35:02 2024]
Finished job 46.
40 of 47 steps (85%) done
[Thu Aug 15 16:35:03 2024]
Finished job 5.
41 of 47 steps (87%) done
[Thu Aug 15 16:35:03 2024]
Finished job 11.
42 of 47 steps (89%) done
[Thu Aug 15 16:35:03 2024]
Finished job 39.
43 of 47 steps (91%) done
[Thu Aug 15 16:35:03 2024]
Finished job 3.
44 of 47 steps (94%) done
[Thu Aug 15 16:35:03 2024]
Finished job 32.
45 of 47 steps (96%) done
Select jobs to execute...

[Thu Aug 15 16:35:03 2024]
rule merge_t_tests:
    input: data/sim_results/t_test_results_5_10_10.csv, data/sim_results/t_test_results_5_20_10.csv, data/sim_results/t_test_results_5_30_10.csv, data/sim_results/t_test_results_5_40_10.csv, data/sim_results/t_test_results_5_50_10.csv, data/sim_results/t_test_results_5_60_10.csv, data/sim_results/t_test_results_5_70_10.csv, data/sim_results/t_test_results_5_80_10.csv, data/sim_results/t_test_results_5_90_10.csv, data/sim_results/t_test_results_6_10_10.csv, data/sim_results/t_test_results_6_20_10.csv, data/sim_results/t_test_results_6_30_10.csv, data/sim_results/t_test_results_6_40_10.csv, data/sim_results/t_test_results_6_50_10.csv, data/sim_results/t_test_results_6_60_10.csv, data/sim_results/t_test_results_6_70_10.csv, data/sim_results/t_test_results_6_80_10.csv, data/sim_results/t_test_results_6_90_10.csv, data/sim_results/t_test_results_7_10_10.csv, data/sim_results/t_test_results_7_20_10.csv, data/sim_results/t_test_results_7_30_10.csv, data/sim_results/t_test_results_7_40_10.csv, data/sim_results/t_test_results_7_50_10.csv, data/sim_results/t_test_results_7_60_10.csv, data/sim_results/t_test_results_7_70_10.csv, data/sim_results/t_test_results_7_80_10.csv, data/sim_results/t_test_results_7_90_10.csv, data/sim_results/t_test_results_8_10_10.csv, data/sim_results/t_test_results_8_20_10.csv, data/sim_results/t_test_results_8_30_10.csv, data/sim_results/t_test_results_8_40_10.csv, data/sim_results/t_test_results_8_50_10.csv, data/sim_results/t_test_results_8_60_10.csv, data/sim_results/t_test_results_8_70_10.csv, data/sim_results/t_test_results_8_80_10.csv, data/sim_results/t_test_results_8_90_10.csv, data/sim_results/t_test_results_9_10_10.csv, data/sim_results/t_test_results_9_20_10.csv, data/sim_results/t_test_results_9_30_10.csv, data/sim_results/t_test_results_9_40_10.csv, data/sim_results/t_test_results_9_50_10.csv, data/sim_results/t_test_results_9_60_10.csv, data/sim_results/t_test_results_9_70_10.csv, data/sim_results/t_test_results_9_80_10.csv, data/sim_results/t_test_results_9_90_10.csv
    output: data/sim_results/combined_t_test_results.csv
    jobid: 1
    reason: Missing output files: data/sim_results/combined_t_test_results.csv; Input files updated by another job: data/sim_results/t_test_results_8_10_10.csv, data/sim_results/t_test_results_6_90_10.csv, data/sim_results/t_test_results_7_40_10.csv, data/sim_results/t_test_results_8_30_10.csv, data/sim_results/t_test_results_9_50_10.csv, data/sim_results/t_test_results_9_20_10.csv, data/sim_results/t_test_results_9_80_10.csv, data/sim_results/t_test_results_6_50_10.csv, data/sim_results/t_test_results_8_20_10.csv, data/sim_results/t_test_results_6_10_10.csv, data/sim_results/t_test_results_7_50_10.csv, data/sim_results/t_test_results_6_40_10.csv, data/sim_results/t_test_results_5_70_10.csv, data/sim_results/t_test_results_7_80_10.csv, data/sim_results/t_test_results_9_90_10.csv, data/sim_results/t_test_results_9_40_10.csv, data/sim_results/t_test_results_6_60_10.csv, data/sim_results/t_test_results_6_80_10.csv, data/sim_results/t_test_results_7_30_10.csv, data/sim_results/t_test_results_8_80_10.csv, data/sim_results/t_test_results_7_20_10.csv, data/sim_results/t_test_results_9_60_10.csv, data/sim_results/t_test_results_5_40_10.csv, data/sim_results/t_test_results_7_70_10.csv, data/sim_results/t_test_results_5_10_10.csv, data/sim_results/t_test_results_6_30_10.csv, data/sim_results/t_test_results_8_40_10.csv, data/sim_results/t_test_results_5_30_10.csv, data/sim_results/t_test_results_9_10_10.csv, data/sim_results/t_test_results_6_70_10.csv, data/sim_results/t_test_results_9_70_10.csv, data/sim_results/t_test_results_7_60_10.csv, data/sim_results/t_test_results_5_60_10.csv, data/sim_results/t_test_results_7_90_10.csv, data/sim_results/t_test_results_9_30_10.csv, data/sim_results/t_test_results_6_20_10.csv, data/sim_results/t_test_results_5_90_10.csv, data/sim_results/t_test_results_8_60_10.csv, data/sim_results/t_test_results_7_10_10.csv, data/sim_results/t_test_results_8_70_10.csv, data/sim_results/t_test_results_5_80_10.csv, data/sim_results/t_test_results_8_90_10.csv, data/sim_results/t_test_results_5_20_10.csv, data/sim_results/t_test_results_5_50_10.csv, data/sim_results/t_test_results_8_50_10.csv
    resources: tmpdir=/tmp

[Thu Aug 15 16:35:05 2024]
Finished job 1.
46 of 47 steps (98%) done
Select jobs to execute...

[Thu Aug 15 16:35:05 2024]
localrule all:
    input: data/sim_results/combined_t_test_results.csv
    jobid: 0
    reason: Input files updated by another job: data/sim_results/combined_t_test_results.csv
    resources: tmpdir=/tmp

[Thu Aug 15 16:35:05 2024]
Finished job 0.
47 of 47 steps (100%) done
Complete log: .snakemake/log/2024-08-15T163457.097680.snakemake.log
